Removed Pin From Net: NetName=SWITCH-1 Pin=R8-1
Removed Pin From Net: NetName=VDD Pin=R8-2
Removed Member From Class: ClassName=Analog_Board_Schematic Member=H2
Change Component Designator: OldDesignator=R9 NewDesignator=R8
Added Component: Designator=R9(6-0805_M)
Added Component: Designator=R10(6-0805_M)
Added Component: Designator=R11(6-0805_M)
Added Component: Designator=R12(6-0805_M)
Added Component: Designator=R13(6-0805_M)
Added Component: Designator=S2(IT-2175)
Added Component: Designator=S3(IT-2175)
Added Component: Designator=S4(IT-2175)
Added Component: Designator=S5(IT-2175)
Added Pin To Net: NetName=SWITCH-1 Pin=R9-1
Added Pin To Net: NetName=VDD Pin=R9-2
Added Pin To Net: NetName=VDD Pin=R10-2
Added Pin To Net: NetName=VDD Pin=R11-2
Added Pin To Net: NetName=VDD Pin=R12-2
Added Pin To Net: NetName=VDD Pin=R13-2
Added Pin To Net: NetName=GND Pin=S2-1
Added Pin To Net: NetName=GND Pin=S3-1
Added Pin To Net: NetName=GND Pin=S4-1
Added Pin To Net: NetName=GND Pin=S5-1
Added Pin To Net: NetName=SWITCH-2 Pin=IC4-3
Added Pin To Net: NetName=SWITCH-2 Pin=R10-1
Added Pin To Net: NetName=SWITCH-2 Pin=S2-2
Added Net: Name=SWITCH-2
Added Pin To Net: NetName=SWITCH-3 Pin=IC4-4
Added Pin To Net: NetName=SWITCH-3 Pin=R11-1
Added Pin To Net: NetName=SWITCH-3 Pin=S3-2
Added Net: Name=SWITCH-3
Added Pin To Net: NetName=SWITCH-4 Pin=IC4-5
Added Pin To Net: NetName=SWITCH-4 Pin=R12-1
Added Pin To Net: NetName=SWITCH-4 Pin=S4-2
Added Net: Name=SWITCH-4
Added Pin To Net: NetName=SWITCH-5 Pin=IC4-6
Added Pin To Net: NetName=SWITCH-5 Pin=R13-1
Added Pin To Net: NetName=SWITCH-5 Pin=S5-2
Added Net: Name=SWITCH-5
Added Member To Class: ClassName=Analog_Board_Schematic Member=Component H1 Header 7
Added Member To Class: ClassName=Main_Board Member=Component R9 Res3
Added Member To Class: ClassName=Main_Board Member=Component R10 Res3
Added Member To Class: ClassName=Main_Board Member=Component R11 Res3
Added Member To Class: ClassName=Main_Board Member=Component R12 Res3
Added Member To Class: ClassName=Main_Board Member=Component R13 Res3
Added Member To Class: ClassName=Main_Board Member=Component S2 SW-PB
Added Member To Class: ClassName=Main_Board Member=Component S3 SW-PB
Added Member To Class: ClassName=Main_Board Member=Component S4 SW-PB
Added Member To Class: ClassName=Main_Board Member=Component S5 SW-PB
Added Room: Name=Analog_Board_Schematic
Added Room: Name=Main_Board
