Added Component: Designator=R9(6-0805_M)
Added Component: Designator=R10(6-0805_M)
Added Component: Designator=R11(6-0805_M)
Added Component: Designator=R12(6-0805_M)
Added Component: Designator=R13(6-0805_M)
Added Component: Designator=R14(6-0805_M)
Added Component: Designator=R15(6-0805_M)
Added Component: Designator=R16(6-0805_M)
Added Pin To Net: NetName=SWITCH-1 Pin=R9-1
Added Pin To Net: NetName=VDD Pin=R9-2
Added Pin To Net: NetName=SWITCH-2 Pin=R10-1
Added Pin To Net: NetName=VDD Pin=R10-2
Added Pin To Net: NetName=NetQ1_3 Pin=R11-1
Added Pin To Net: NetName=NetP2_16 Pin=R11-2
Added Pin To Net: NetName=PWM1 Pin=R12-1
Added Pin To Net: NetName=VDD Pin=R12-2
Added Pin To Net: NetName=NetQ1_1 Pin=R13-1
Added Pin To Net: NetName=PWM1 Pin=R13-2
Added Pin To Net: NetName=SWITCH-3 Pin=R14-1
Added Pin To Net: NetName=VDD Pin=R14-2
Added Pin To Net: NetName=SWITCH-4 Pin=R15-1
Added Pin To Net: NetName=VDD Pin=R15-2
Added Pin To Net: NetName=SWITCH-5 Pin=R16-1
Added Pin To Net: NetName=VDD Pin=R16-2
Added Member To Class: ClassName=Main_Board Member=Component R9 Res3
Added Member To Class: ClassName=Main_Board Member=Component R10 Res3
Added Member To Class: ClassName=Main_Board Member=Component R11 Res3
Added Member To Class: ClassName=Main_Board Member=Component R12 Res3
Added Member To Class: ClassName=Main_Board Member=Component R13 Res3
Added Member To Class: ClassName=Main_Board Member=Component R14 Res3
Added Member To Class: ClassName=Main_Board Member=Component R15 Res3
Added Member To Class: ClassName=Main_Board Member=Component R16 Res3
Added Room: Name=Analog_Board_Schematic
Added Room: Name=Main_Board
