Removed Pin From Net: NetName=SWITCH-3 Pin=R11-1
Removed Pin From Net: NetName=VDD Pin=R11-2
Removed Pin From Net: NetName=SWITCH-4 Pin=R12-1
Removed Pin From Net: NetName=SWITCH-5 Pin=R13-1
Removed Pin From Net: NetName=VDD Pin=R13-2
Removed Member From Class: ClassName=Main_Board Member=C20
Removed Member From Class: ClassName=Main_Board Member=P?
Change Component Designator: OldDesignator=C3 NewDesignator=C4
Change Component Designator: OldDesignator=C4 NewDesignator=C5
Change Component Designator: OldDesignator=C5 NewDesignator=C6
Change Component Designator: OldDesignator=C20 NewDesignator=C3
Change Component Designator: OldDesignator=L? NewDesignator=L1
Change Component Designator: OldDesignator=P1 NewDesignator=P2
Change Component Designator: OldDesignator=P? NewDesignator=P1
Change Component Designator: OldDesignator=U? NewDesignator=U1
Added Component: Designator=Q1(SOT23_L)
Added Component: Designator=R14(6-0805_M)
Added Component: Designator=R15(6-0805_M)
Added Component: Designator=R16(6-0805_M)
Added Pin To Net: NetName=GND Pin=P2-5
Added Pin To Net: NetName=VDD Pin=P2-15
Added Pin To Net: NetName=GND Pin=Q1-2
Added Pin To Net: NetName=PWM1 Pin=R12-1
Added Pin To Net: NetName=PWM1 Pin=R13-2
Added Pin To Net: NetName=SWITCH-3 Pin=R11-1
Added Pin To Net: NetName=VDD Pin=R11-2
Added Pin To Net: NetName=SWITCH-4 Pin=R12-1
Added Pin To Net: NetName=VDD Pin=R12-2
Added Pin To Net: NetName=SWITCH-5 Pin=R13-1
Added Pin To Net: NetName=VDD Pin=R13-2
Change Net Name : Old Net Name=NetC3_1 New Net Name=NetC4_1
Change Net Name : Old Net Name=NetC4_1 New Net Name=NetC5_1
Change Net Name : Old Net Name=NetL?_2 New Net Name=NetL1_2
Change Net Name : Old Net Name=NetP1_3 New Net Name=NetP2_3
Added Pin To Net: NetName=NetP2_16 Pin=P2-16
Added Pin To Net: NetName=NetP2_16 Pin=R11-2
Added Net: Name=NetP2_16
Added Pin To Net: NetName=NetQ1_1 Pin=Q1-1
Added Pin To Net: NetName=NetQ1_1 Pin=R13-1
Added Net: Name=NetQ1_1
Added Pin To Net: NetName=NetQ1_3 Pin=Q1-3
Added Pin To Net: NetName=NetQ1_3 Pin=R11-1
Added Net: Name=NetQ1_3
Added Member To Class: ClassName=Main_Board Member=Component C6 Cap Semi
Added Member To Class: ClassName=Main_Board Member=Component P2 Header 16
Added Member To Class: ClassName=Main_Board Member=Component Q1 BC846
Added Member To Class: ClassName=Main_Board Member=Component R14 Res3
Added Member To Class: ClassName=Main_Board Member=Component R15 Res3
Added Member To Class: ClassName=Main_Board Member=Component R16 Res3
