Removed Pin From Net: NetName=GND Pin=C2-1
Removed Pin From Net: NetName=VDD Pin=C2-2
Removed Pin From Net: NetName=ADDR Pin=IC3-1
Removed Pin From Net: NetName=ALERT Pin=IC3-2
Removed Pin From Net: NetName=GND Pin=IC3-3
Removed Pin From Net: NetName=V-OUT Pin=IC3-4
Removed Pin From Net: NetName=AIN1 Pin=IC3-5
Removed Pin From Net: NetName=AIN2 Pin=IC3-6
Removed Pin From Net: NetName=AIN3 Pin=IC3-7
Removed Pin From Net: NetName=VDD Pin=IC3-8
Removed Pin From Net: NetName=SDA Pin=IC3-9
Removed Pin From Net: NetName=SCL Pin=IC3-10
Removed Pin From Net: NetName=ALERT Pin=R5-2
Removed Member From Class: ClassName=Adafruit_ADS1015_12Bit_I2C_ADC Member=IC3
Added Component: Designator=H2(HDR1X7)
Added Component: Designator=U1(MCHP-SOIC-SO28_N)
Added Component: Designator=U?(TI-DGS10_N)
Added Pin To Net: NetName=VDD Pin=C2-1
Added Pin To Net: NetName=GND Pin=C2-2
Added Pin To Net: NetName=VBAT Pin=H2-1
Added Pin To Net: NetName=ALERT Pin=H2-2
Added Pin To Net: NetName=ADDR Pin=H2-3
Added Pin To Net: NetName=GND Pin=H2-4
Added Pin To Net: NetName=VDD Pin=H2-5
Added Pin To Net: NetName=SCL Pin=H2-6
Added Pin To Net: NetName=SDA Pin=H2-7
Added Pin To Net: NetName=GND Pin=U1-8
Added Pin To Net: NetName=GND Pin=U1-19
Added Pin To Net: NetName=VDD Pin=U1-20
Added Pin To Net: NetName=ADDR Pin=U?-1
Added Pin To Net: NetName=GND Pin=U?-3
Added Pin To Net: NetName=V-OUT Pin=U?-4
Added Pin To Net: NetName=AIN1 Pin=U?-5
Added Pin To Net: NetName=AIN2 Pin=U?-6
Added Pin To Net: NetName=AIN3 Pin=U?-7
Added Pin To Net: NetName=VDD Pin=U?-8
Added Pin To Net: NetName=SDA Pin=U?-9
Added Pin To Net: NetName=SCL Pin=U?-10
Added Pin To Net: NetName=NetR5_2 Pin=R5-2
Added Pin To Net: NetName=NetR5_2 Pin=U?-2
Added Net: Name=NetR5_2
Change Class Name : Old Net Name=Adafruit_ADS1015_12Bit_I2C_ADC New Net Name=Analog_Board_Schematic
Added Class: Name=Main_Board
Added Member To Class: ClassName=Analog_Board_Schematic Member=Component U? ADS1015IDGSR
Added Room: Name=Analog_Board_Schematic
Added Room: Name=Main_Board
