Removed Pin From Net: NetName=GND Pin=S1-1
Removed Pin From Net: NetName=SWITCH-1 Pin=S1-2
Removed Pin From Net: NetName=GND Pin=S2-1
Removed Pin From Net: NetName=SWITCH-2 Pin=S2-2
Removed Pin From Net: NetName=GND Pin=S3-1
Removed Pin From Net: NetName=SWITCH-3 Pin=S3-2
Removed Pin From Net: NetName=GND Pin=S4-1
Removed Pin From Net: NetName=SWITCH-4 Pin=S4-2
Change Component Designator: OldDesignator=P2 NewDesignator=P7
Added Component: Designator=P3(HDR1X2)
Added Component: Designator=P4(HDR1X2)
Added Component: Designator=P5(HDR1X2)
Added Component: Designator=P6(HDR1X2)
Added Pin To Net: NetName=SWITCH-1 Pin=P3-1
Added Pin To Net: NetName=GND Pin=P3-2
Added Pin To Net: NetName=SWITCH-2 Pin=P4-1
Added Pin To Net: NetName=GND Pin=P4-2
Added Pin To Net: NetName=SWITCH-3 Pin=P5-1
Added Pin To Net: NetName=GND Pin=P5-2
Added Pin To Net: NetName=SWITCH-4 Pin=P6-1
Added Pin To Net: NetName=GND Pin=P6-2
Change Net Name : Old Net Name=NetP2_3 New Net Name=NetP7_3
Change Net Name : Old Net Name=NetP2_16 New Net Name=NetP7_16
Added Pin To Net: NetName=VBAT Pin=H1-1
Added Pin To Net: NetName=VBAT Pin=R5-1
Added Net: Name=VBAT
Added Member To Class: ClassName=Main_Board Member=Component P3 Header 2
Added Member To Class: ClassName=Main_Board Member=Component P4 Header 2
Added Member To Class: ClassName=Main_Board Member=Component P5 Header 2
Added Member To Class: ClassName=Main_Board Member=Component P6 Header 2
Added Member To Class: ClassName=Main_Board Member=Component P7 Header 16
